<?xml version="1.0" encoding="UTF-8"?>
<testsuite xmlns:xsi="http://www.w3.org/2001/XMLSchema-instance" xsi:noNamespaceSchemaLocation="https://maven.apache.org/surefire/maven-surefire-plugin/xsd/surefire-test-report-3.0.xsd" version="3.0" name="com.social_events_management_system.repositories.jpa.UserJpaRepositoryTest" time="0.036" tests="1" errors="0" skipped="0" failures="0">
  <properties>
[...]
</properties>
  <testcase name="saveFindDeleteUser" classname="com.social_events_management_system.repositories.jpa.UserJpaRepositoryTest" time="0.014">
    <system-out><![CDATA[2025-11-19T16:41:44.500+02:00  INFO 14288 --- [           main] t.c.s.AnnotationConfigContextLoaderUtils : Could not detect default configuration classes for test class [com.social_events_management_system.repositories.jpa.UserJpaRepositoryTest]: UserJpaRepositoryTest does not declare any static, non-private, non-final, nested classes annotated with @Configuration.
2025-11-19T16:41:44.514+02:00  INFO 14288 --- [           main] .b.t.c.SpringBootTestContextBootstrapper : Found @SpringBootConfiguration com.social_events_management_system.App for test class com.social_events_management_system.repositories.jpa.UserJpaRepositoryTest
Hibernate: select u1_0.id,u1_0.email,u1_0.name from users u1_0 where u1_0.id=?
Hibernate: insert into users (email,name,id) values (?,?,?)
Hibernate: select u1_0.id,u1_0.email,u1_0.name from users u1_0
]]></system-out>
  </testcase>
</testsuite>